Copyright 1986-2016 Xilinx, Inc. All Rights Reserved.
--------------------------------------------------------------------------------------------
| Tool Version : Vivado v.2016.3 (win64) Build 1682563 Mon Oct 10 19:07:27 MDT 2016
| Date         : Mon Oct 17 13:30:54 2016
| Host         : LT-1846 running 64-bit major release  (build 9200)
| Command      : report_utilization -file O:/mars/m_s_r_1_0/outputs/rpt/post_route_util.rpt
| Design       : top
| Device       : 7z045ffg900-2
| Design State : Fully Placed
--------------------------------------------------------------------------------------------

Utilization Design Information

Table of Contents
-----------------
1. Slice Logic
1.1 Summary of Registers by Type
2. Slice Logic Distribution
3. Memory
4. DSP
5. IO and GT Specific
6. Clocking
7. Specific Feature
8. Primitives
9. Black Boxes
10. Instantiated Netlists

1. Slice Logic
--------------

+----------------------------+------+-------+-----------+-------+
|          Site Type         | Used | Fixed | Available | Util% |
+----------------------------+------+-------+-----------+-------+
| Slice LUTs                 | 2238 |     0 |    218600 |  1.02 |
|   LUT as Logic             | 1881 |     0 |    218600 |  0.86 |
|   LUT as Memory            |  357 |     0 |     70400 |  0.51 |
|     LUT as Distributed RAM |  352 |     0 |           |       |
|     LUT as Shift Register  |    5 |     0 |           |       |
| Slice Registers            | 1439 |     0 |    437200 |  0.33 |
|   Register as Flip Flop    | 1439 |     0 |    437200 |  0.33 |
|   Register as Latch        |    0 |     0 |    437200 |  0.00 |
| F7 Muxes                   |   26 |     0 |    109300 |  0.02 |
| F8 Muxes                   |    6 |     0 |     54650 |  0.01 |
+----------------------------+------+-------+-----------+-------+


1.1 Summary of Registers by Type
--------------------------------

+-------+--------------+-------------+--------------+
| Total | Clock Enable | Synchronous | Asynchronous |
+-------+--------------+-------------+--------------+
| 0     |            _ |           - |            - |
| 0     |            _ |           - |          Set |
| 0     |            _ |           - |        Reset |
| 0     |            _ |         Set |            - |
| 0     |            _ |       Reset |            - |
| 0     |          Yes |           - |            - |
| 58    |          Yes |           - |          Set |
| 0     |          Yes |           - |        Reset |
| 59    |          Yes |         Set |            - |
| 1322  |          Yes |       Reset |            - |
+-------+--------------+-------------+--------------+


2. Slice Logic Distribution
---------------------------

+-------------------------------------------+------+-------+-----------+-------+
|                 Site Type                 | Used | Fixed | Available | Util% |
+-------------------------------------------+------+-------+-----------+-------+
| Slice                                     |  831 |     0 |     54650 |  1.52 |
|   SLICEL                                  |  582 |     0 |           |       |
|   SLICEM                                  |  249 |     0 |           |       |
| LUT as Logic                              | 1881 |     0 |    218600 |  0.86 |
|   using O5 output only                    |    0 |       |           |       |
|   using O6 output only                    | 1310 |       |           |       |
|   using O5 and O6                         |  571 |       |           |       |
| LUT as Memory                             |  357 |     0 |     70400 |  0.51 |
|   LUT as Distributed RAM                  |  352 |     0 |           |       |
|     using O5 output only                  |    0 |       |           |       |
|     using O6 output only                  |    0 |       |           |       |
|     using O5 and O6                       |  352 |       |           |       |
|   LUT as Shift Register                   |    5 |     0 |           |       |
|     using O5 output only                  |    3 |       |           |       |
|     using O6 output only                  |    2 |       |           |       |
|     using O5 and O6                       |    0 |       |           |       |
| LUT Flip Flop Pairs                       |  765 |     0 |    218600 |  0.35 |
|   fully used LUT-FF pairs                 |  199 |       |           |       |
|   LUT-FF pairs with one unused LUT output |  530 |       |           |       |
|   LUT-FF pairs with one unused Flip Flop  |  526 |       |           |       |
| Unique Control Sets                       |  100 |       |           |       |
+-------------------------------------------+------+-------+-----------+-------+
* Note: Review the Control Sets Report for more information regarding control sets.


3. Memory
---------

+----------------+------+-------+-----------+-------+
|    Site Type   | Used | Fixed | Available | Util% |
+----------------+------+-------+-----------+-------+
| Block RAM Tile |    0 |     0 |       545 |  0.00 |
|   RAMB36/FIFO* |    0 |     0 |       545 |  0.00 |
|   RAMB18       |    0 |     0 |      1090 |  0.00 |
+----------------+------+-------+-----------+-------+
* Note: Each Block RAM Tile only has one FIFO logic available and therefore can accommodate only one FIFO36E1 or one FIFO18E1. However, if a FIFO18E1 occupies a Block RAM Tile, that tile can still accommodate a RAMB18E1


4. DSP
------

+-----------+------+-------+-----------+-------+
| Site Type | Used | Fixed | Available | Util% |
+-----------+------+-------+-----------+-------+
| DSPs      |    0 |     0 |       900 |  0.00 |
+-----------+------+-------+-----------+-------+


5. IO and GT Specific
---------------------

+-----------------------------+------+-------+-----------+-------+
|          Site Type          | Used | Fixed | Available | Util% |
+-----------------------------+------+-------+-----------+-------+
| Bonded IOB                  |   69 |    69 |       362 | 19.06 |
|   IOB Master Pads           |   35 |       |           |       |
|   IOB Slave Pads            |   34 |       |           |       |
| Bonded IPADs                |    0 |     0 |        50 |  0.00 |
| Bonded OPADs                |    0 |     0 |        32 |  0.00 |
| Bonded IOPADs               |    0 |     0 |       130 |  0.00 |
| PHY_CONTROL                 |    2 |     2 |         8 | 25.00 |
| PHASER_REF                  |    3 |     3 |         8 | 37.50 |
| OUT_FIFO                    |    4 |     4 |        32 | 12.50 |
| IN_FIFO                     |    2 |     2 |        32 |  6.25 |
| IDELAYCTRL                  |    3 |     0 |         8 | 37.50 |
| IBUFDS                      |    3 |     3 |       348 |  0.86 |
| GTXE2_COMMON                |    0 |     0 |         4 |  0.00 |
| GTXE2_CHANNEL               |    0 |     0 |        16 |  0.00 |
| PHASER_OUT/PHASER_OUT_PHY   |    4 |     4 |        32 | 12.50 |
|   PHASER_OUT_PHY only       |    4 |     4 |           |       |
| PHASER_IN/PHASER_IN_PHY     |    2 |     2 |        32 |  6.25 |
|   PHASER_IN only            |    2 |     2 |           |       |
| IDELAYE2/IDELAYE2_FINEDELAY |   18 |    18 |       400 |  4.50 |
|   IDELAYE2 only             |   18 |    18 |           |       |
| ODELAYE2/ODELAYE2_FINEDELAY |    0 |     0 |       150 |  0.00 |
| IBUFDS_GTE2                 |    0 |     0 |         8 |  0.00 |
| ILOGIC                      |   19 |    19 |       362 |  5.25 |
|   IFF_IDDR_Register         |    1 |     1 |           |       |
|   ISERDES                   |   18 |    18 |           |       |
| OLOGIC                      |   43 |    43 |       362 | 11.88 |
|   OUTFF_ODDR_Register       |    1 |     1 |           |       |
|   OSERDES                   |   42 |    42 |           |       |
+-----------------------------+------+-------+-----------+-------+


6. Clocking
-----------

+------------+------+-------+-----------+-------+
|  Site Type | Used | Fixed | Available | Util% |
+------------+------+-------+-----------+-------+
| BUFGCTRL   |    3 |     0 |        32 |  9.38 |
| BUFIO      |    0 |     0 |        32 |  0.00 |
| MMCME2_ADV |    1 |     1 |         8 | 12.50 |
| PLLE2_ADV  |    1 |     1 |         8 | 12.50 |
| BUFMRCE    |    1 |     0 |        16 |  6.25 |
| BUFHCE     |    1 |     0 |       168 |  0.60 |
| BUFR       |    0 |     0 |        32 |  0.00 |
+------------+------+-------+-----------+-------+


7. Specific Feature
-------------------

+-------------+------+-------+-----------+-------+
|  Site Type  | Used | Fixed | Available | Util% |
+-------------+------+-------+-----------+-------+
| BSCANE2     |    0 |     0 |         4 |  0.00 |
| CAPTUREE2   |    0 |     0 |         1 |  0.00 |
| DNA_PORT    |    0 |     0 |         1 |  0.00 |
| EFUSE_USR   |    0 |     0 |         1 |  0.00 |
| FRAME_ECCE2 |    0 |     0 |         1 |  0.00 |
| ICAPE2      |    0 |     0 |         2 |  0.00 |
| PCIE_2_1    |    0 |     0 |         1 |  0.00 |
| STARTUPE2   |    0 |     0 |         1 |  0.00 |
| XADC        |    0 |     0 |         1 |  0.00 |
+-------------+------+-------+-----------+-------+


8. Primitives
-------------

+----------------+------+---------------------+
|    Ref Name    | Used | Functional Category |
+----------------+------+---------------------+
| FDRE           | 1322 |        Flop & Latch |
| LUT6           |  613 |                 LUT |
| LUT2           |  594 |                 LUT |
| RAMD32         |  528 |  Distributed Memory |
| LUT3           |  525 |                 LUT |
| LUT4           |  335 |                 LUT |
| LUT5           |  314 |                 LUT |
| RAMS32         |  176 |  Distributed Memory |
| CARRY4         |  128 |          CarryLogic |
| LUT1           |   71 |                 LUT |
| FDSE           |   59 |        Flop & Latch |
| FDPE           |   58 |        Flop & Latch |
| OBUF           |   43 |                  IO |
| OSERDESE2      |   42 |                  IO |
| MUXF7          |   26 |               MuxFx |
| IBUF           |   20 |                  IO |
| ISERDESE2      |   18 |                  IO |
| IDELAYE2       |   18 |                  IO |
| MUXF8          |    6 |               MuxFx |
| PHASER_OUT_PHY |    4 |                  IO |
| OUT_FIFO       |    4 |                  IO |
| SRL16E         |    3 |  Distributed Memory |
| PHASER_REF     |    3 |                  IO |
| IDELAYCTRL     |    3 |                  IO |
| IBUFDS         |    3 |                  IO |
| BUFG           |    3 |               Clock |
| SRLC32E        |    2 |  Distributed Memory |
| PHY_CONTROL    |    2 |                  IO |
| PHASER_IN      |    2 |                  IO |
| OBUFTDS        |    2 |                  IO |
| IN_FIFO        |    2 |                  IO |
| PLLE2_ADV      |    1 |               Clock |
| ODDR           |    1 |                  IO |
| MMCME2_ADV     |    1 |               Clock |
| INV            |    1 |                 LUT |
| IDDR           |    1 |                  IO |
| BUFMR          |    1 |               Clock |
| BUFH           |    1 |               Clock |
+----------------+------+---------------------+


9. Black Boxes
--------------

+----------+------+
| Ref Name | Used |
+----------+------+


10. Instantiated Netlists
-------------------------

+----------+------+
| Ref Name | Used |
+----------+------+


