Copyright 1986-2016 Xilinx, Inc. All Rights Reserved.
-------------------------------------------------------------------------------------------------------------------------------------------------------------
| Tool Version : Vivado v.2016.3 (win64) Build 1682563 Mon Oct 10 19:07:27 MDT 2016
| Date         : Sun Oct 16 04:30:42 2016
| Host         : Sakinder-Laptop running 64-bit major release  (build 9200)
| Command      : report_timing -sort_by group -max_paths 5 -path_type summary -file S:/GoogleDrive/firmware/mars/m_s_r_0_0/outputs/rpt/post_synth_timing.rpt
| Design       : top
| Device       : 7z045-ffg900
| Speed File   : -2  PRODUCTION 1.11 2014-09-11
-------------------------------------------------------------------------------------------------------------------------------------------------------------

Timing Report

Startpoint                     Endpoint                       Slack(ns)     
----------------------------------------------------------------------------
u_mig_qdr_rev4/u_mig_qdr_rev4_mig/u_qdr_phy_top/u_qdr_rld_mc_phy/qdr_rld_phy_4lanes_0.u_qdr_rld_phy_4lanes/qdr_rld_byte_lane_C.qdr_rld_byte_lane_C/PHASER_OUT_inst.phaser_out/OCLK
                               u_mig_qdr_rev4/u_mig_qdr_rev4_mig/u_qdr_phy_top/u_qdr_rld_mc_phy/qdr_rld_phy_4lanes_0.u_qdr_rld_phy_4lanes/qdr_rld_byte_lane_C.qdr_rld_byte_lane_C/qdr_rld_byte_group_io/o_serdesd_[5].gen_oserdes_uni.gen_oserdes_uni_notri.oserdes_d_i/D2
                                                              -0.626        
u_mig_qdr_rev4/u_mig_qdr_rev4_mig/u_qdr_phy_top/u_qdr_rld_mc_phy/qdr_rld_phy_4lanes_0.u_qdr_rld_phy_4lanes/qdr_rld_byte_lane_D.qdr_rld_byte_lane_D/PHASER_OUT_inst.phaser_out/OCLK
                               u_mig_qdr_rev4/u_mig_qdr_rev4_mig/u_qdr_phy_top/u_qdr_rld_mc_phy/qdr_rld_phy_4lanes_0.u_qdr_rld_phy_4lanes/qdr_rld_byte_lane_D.qdr_rld_byte_lane_D/qdr_rld_byte_group_io/o_serdesd_[7].gen_oserdes_uni.gen_oserdes_uni_notri.oserdes_d_i/D3
                                                              -0.589        
u_mig_qdr_rev4/u_mig_qdr_rev4_mig/u_qdr_phy_top/u_qdr_rld_mc_phy/qdr_rld_phy_4lanes_0.u_qdr_rld_phy_4lanes/qdr_rld_byte_lane_D.qdr_rld_byte_lane_D/PHASER_OUT_inst.phaser_out/OCLK
                               u_mig_qdr_rev4/u_mig_qdr_rev4_mig/u_qdr_phy_top/u_qdr_rld_mc_phy/qdr_rld_phy_4lanes_0.u_qdr_rld_phy_4lanes/qdr_rld_byte_lane_D.qdr_rld_byte_lane_D/qdr_rld_byte_group_io/o_serdesd_[8].gen_oserdes_uni.gen_oserdes_uni_notri.oserdes_d_i/D3
                                                              -0.589        
u_mig_qdr_rev4/u_mig_qdr_rev4_mig/u_qdr_phy_top/u_qdr_rld_mc_phy/qdr_rld_phy_4lanes_0.u_qdr_rld_phy_4lanes/qdr_rld_byte_lane_D.qdr_rld_byte_lane_D/PHASER_OUT_inst.phaser_out/OCLK
                               u_mig_qdr_rev4/u_mig_qdr_rev4_mig/u_qdr_phy_top/u_qdr_rld_mc_phy/qdr_rld_phy_4lanes_0.u_qdr_rld_phy_4lanes/qdr_rld_byte_lane_D.qdr_rld_byte_lane_D/qdr_rld_byte_group_io/o_serdesd_[7].gen_oserdes_uni.gen_oserdes_uni_notri.oserdes_d_i/D1
                                                              -0.563        
u_mig_qdr_rev4/u_mig_qdr_rev4_mig/u_qdr_phy_top/u_qdr_rld_mc_phy/qdr_rld_phy_4lanes_0.u_qdr_rld_phy_4lanes/qdr_rld_byte_lane_D.qdr_rld_byte_lane_D/PHASER_OUT_inst.phaser_out/OCLK
                               u_mig_qdr_rev4/u_mig_qdr_rev4_mig/u_qdr_phy_top/u_qdr_rld_mc_phy/qdr_rld_phy_4lanes_0.u_qdr_rld_phy_4lanes/qdr_rld_byte_lane_D.qdr_rld_byte_lane_D/qdr_rld_byte_group_io/o_serdesd_[7].gen_oserdes_uni.gen_oserdes_uni_notri.oserdes_d_i/D4
                                                              -0.563        
u_mig_qdr_rev4/u_mig_qdr_rev4_mig/u_qdr_phy_top/u_qdr_rld_mc_phy/qdr_rld_phy_4lanes_0.u_qdr_rld_phy_4lanes/qdr_rld_byte_lane_D.qdr_rld_byte_lane_D/PHASER_OUT_inst.phaser_out/OCLK
                               u_mig_qdr_rev4/u_mig_qdr_rev4_mig/u_qdr_phy_top/u_qdr_rld_mc_phy/qdr_rld_phy_4lanes_0.u_qdr_rld_phy_4lanes/qdr_rld_byte_lane_D.qdr_rld_byte_lane_D/qdr_rld_byte_group_io/o_serdesd_[8].gen_oserdes_uni.gen_oserdes_uni_notri.oserdes_d_i/D1
                                                              -0.563        
u_mig_qdr_rev4/u_mig_qdr_rev4_mig/u_qdr_phy_top/u_qdr_rld_mc_phy/qdr_rld_phy_4lanes_0.u_qdr_rld_phy_4lanes/qdr_rld_byte_lane_C.qdr_rld_byte_lane_C/PHASER_OUT_inst.phaser_out/OCLK
                               u_mig_qdr_rev4/u_mig_qdr_rev4_mig/u_qdr_phy_top/u_qdr_rld_mc_phy/qdr_rld_phy_4lanes_0.u_qdr_rld_phy_4lanes/qdr_rld_byte_lane_C.qdr_rld_byte_lane_C/qdr_rld_byte_group_io/o_serdesd_[10].gen_oserdes_uni.gen_oserdes_uni_notri.oserdes_d_i/D1
                                                              -0.561        
u_mig_qdr_rev4/u_mig_qdr_rev4_mig/u_qdr_phy_top/u_qdr_rld_mc_phy/qdr_rld_phy_4lanes_0.u_qdr_rld_phy_4lanes/qdr_rld_byte_lane_C.qdr_rld_byte_lane_C/PHASER_OUT_inst.phaser_out/OCLK
                               u_mig_qdr_rev4/u_mig_qdr_rev4_mig/u_qdr_phy_top/u_qdr_rld_mc_phy/qdr_rld_phy_4lanes_0.u_qdr_rld_phy_4lanes/qdr_rld_byte_lane_C.qdr_rld_byte_lane_C/qdr_rld_byte_group_io/o_serdesd_[10].gen_oserdes_uni.gen_oserdes_uni_notri.oserdes_d_i/D4
                                                              -0.561        
u_mig_qdr_rev4/u_mig_qdr_rev4_mig/u_qdr_phy_top/u_qdr_rld_mc_phy/qdr_rld_phy_4lanes_0.u_qdr_rld_phy_4lanes/qdr_rld_byte_lane_C.qdr_rld_byte_lane_C/PHASER_OUT_inst.phaser_out/OCLK
                               u_mig_qdr_rev4/u_mig_qdr_rev4_mig/u_qdr_phy_top/u_qdr_rld_mc_phy/qdr_rld_phy_4lanes_0.u_qdr_rld_phy_4lanes/qdr_rld_byte_lane_C.qdr_rld_byte_lane_C/qdr_rld_byte_group_io/o_serdesd_[11].gen_oserdes_uni.gen_oserdes_uni_notri.oserdes_d_i/D2
                                                              -0.559        
u_mig_qdr_rev4/u_mig_qdr_rev4_mig/u_qdr_phy_top/u_qdr_rld_mc_phy/qdr_rld_phy_4lanes_0.u_qdr_rld_phy_4lanes/qdr_rld_byte_lane_C.qdr_rld_byte_lane_C/PHASER_OUT_inst.phaser_out/OCLK
                               u_mig_qdr_rev4/u_mig_qdr_rev4_mig/u_qdr_phy_top/u_qdr_rld_mc_phy/qdr_rld_phy_4lanes_0.u_qdr_rld_phy_4lanes/qdr_rld_byte_lane_C.qdr_rld_byte_lane_C/qdr_rld_byte_group_io/o_serdesd_[10].gen_oserdes_uni.gen_oserdes_uni_notri.oserdes_d_i/D2
                                                              -0.552        
u_mig_qdr_rev4/u_mig_qdr_rev4_mig/u_qdr_phy_top/u_qdr_rld_mc_phy/qdr_rld_phy_4lanes_1.u_qdr_rld_phy_4lanes/qdr_rld_byte_lane_C.qdr_rld_byte_lane_C/PHASER_OUT_inst.phaser_out/OCLK
                               u_mig_qdr_rev4/u_mig_qdr_rev4_mig/u_qdr_phy_top/u_qdr_rld_mc_phy/qdr_rld_phy_4lanes_1.u_qdr_rld_phy_4lanes/qdr_rld_byte_lane_C.qdr_rld_byte_lane_C/qdr_rld_byte_group_io/o_serdesd_[2].gen_oserdes_uni.gen_oserdes_uni_notri.oserdes_d_i/D1
                                                              0.019         
u_mig_qdr_rev4/u_mig_qdr_rev4_mig/u_qdr_phy_top/u_qdr_rld_mc_phy/qdr_rld_phy_4lanes_1.u_qdr_rld_phy_4lanes/qdr_rld_byte_lane_C.qdr_rld_byte_lane_C/PHASER_OUT_inst.phaser_out/OCLK
                               u_mig_qdr_rev4/u_mig_qdr_rev4_mig/u_qdr_phy_top/u_qdr_rld_mc_phy/qdr_rld_phy_4lanes_1.u_qdr_rld_phy_4lanes/qdr_rld_byte_lane_C.qdr_rld_byte_lane_C/qdr_rld_byte_group_io/o_serdesd_[2].gen_oserdes_uni.gen_oserdes_uni_notri.oserdes_d_i/D4
                                                              0.019         
u_mig_qdr_rev4/u_mig_qdr_rev4_mig/u_qdr_phy_top/u_qdr_rld_mc_phy/qdr_rld_phy_4lanes_1.u_qdr_rld_phy_4lanes/qdr_rld_byte_lane_C.qdr_rld_byte_lane_C/PHASER_OUT_inst.phaser_out/OCLK
                               u_mig_qdr_rev4/u_mig_qdr_rev4_mig/u_qdr_phy_top/u_qdr_rld_mc_phy/qdr_rld_phy_4lanes_1.u_qdr_rld_phy_4lanes/qdr_rld_byte_lane_C.qdr_rld_byte_lane_C/qdr_rld_byte_group_io/o_serdesd_[10].gen_oserdes_uni.gen_oserdes_uni_notri.oserdes_d_i/D2
                                                              0.096         
u_mig_qdr_rev4/u_mig_qdr_rev4_mig/u_qdr_phy_top/u_qdr_rld_mc_phy/qdr_rld_phy_4lanes_1.u_qdr_rld_phy_4lanes/qdr_rld_byte_lane_C.qdr_rld_byte_lane_C/PHASER_OUT_inst.phaser_out/OCLK
                               u_mig_qdr_rev4/u_mig_qdr_rev4_mig/u_qdr_phy_top/u_qdr_rld_mc_phy/qdr_rld_phy_4lanes_1.u_qdr_rld_phy_4lanes/qdr_rld_byte_lane_C.qdr_rld_byte_lane_C/qdr_rld_byte_group_io/o_serdesd_[11].gen_oserdes_uni.gen_oserdes_uni_notri.oserdes_d_i/D3
                                                              0.138         
u_mig_qdr_rev4/u_mig_qdr_rev4_mig/u_qdr_phy_top/u_qdr_rld_mc_phy/qdr_rld_phy_4lanes_1.u_qdr_rld_phy_4lanes/qdr_rld_byte_lane_C.qdr_rld_byte_lane_C/PHASER_OUT_inst.phaser_out/OCLK
                               u_mig_qdr_rev4/u_mig_qdr_rev4_mig/u_qdr_phy_top/u_qdr_rld_mc_phy/qdr_rld_phy_4lanes_1.u_qdr_rld_phy_4lanes/qdr_rld_byte_lane_C.qdr_rld_byte_lane_C/qdr_rld_byte_group_io/o_serdesd_[6].gen_oserdes_uni.gen_oserdes_uni_notri.oserdes_d_i/D2
                                                              0.163         
u_mig_qdr_rev4/u_mig_qdr_rev4_mig/u_qdr_phy_top/u_qdr_rld_mc_phy/qdr_rld_phy_4lanes_1.u_qdr_rld_phy_4lanes/qdr_rld_byte_lane_A.qdr_rld_byte_lane_A/PHASER_OUT_inst.phaser_out/OCLK
                               u_mig_qdr_rev4/u_mig_qdr_rev4_mig/u_qdr_phy_top/u_qdr_rld_mc_phy/qdr_rld_phy_4lanes_1.u_qdr_rld_phy_4lanes/qdr_rld_byte_lane_A.qdr_rld_byte_lane_A/qdr_rld_byte_group_io/o_serdesd_[9].gen_oserdes_uni.gen_oserdes_uni_notri.oserdes_d_i/D3
                                                              0.393         
u_mig_qdr_rev4/u_mig_qdr_rev4_mig/u_qdr_phy_top/u_qdr_rld_mc_phy/qdr_rld_phy_4lanes_1.u_qdr_rld_phy_4lanes/qdr_rld_byte_lane_A.qdr_rld_byte_lane_A/PHASER_OUT_inst.phaser_out/OCLK
                               u_mig_qdr_rev4/u_mig_qdr_rev4_mig/u_qdr_phy_top/u_qdr_rld_mc_phy/qdr_rld_phy_4lanes_1.u_qdr_rld_phy_4lanes/qdr_rld_byte_lane_A.qdr_rld_byte_lane_A/qdr_rld_byte_group_io/o_serdesd_[9].gen_oserdes_uni.gen_oserdes_uni_notri.oserdes_d_i/D2
                                                              0.396         
u_mig_qdr_rev4/u_mig_qdr_rev4_mig/u_qdr_phy_top/u_qdr_rld_mc_phy/qdr_rld_phy_4lanes_1.u_qdr_rld_phy_4lanes/qdr_rld_byte_lane_A.qdr_rld_byte_lane_A/PHASER_OUT_inst.phaser_out/OCLK
                               u_mig_qdr_rev4/u_mig_qdr_rev4_mig/u_qdr_phy_top/u_qdr_rld_mc_phy/qdr_rld_phy_4lanes_1.u_qdr_rld_phy_4lanes/qdr_rld_byte_lane_A.qdr_rld_byte_lane_A/qdr_rld_byte_group_io/o_serdesd_[9].gen_oserdes_uni.gen_oserdes_uni_notri.oserdes_d_i/D1
                                                              0.468         
u_mig_qdr_rev4/u_mig_qdr_rev4_mig/u_qdr_phy_top/u_qdr_rld_mc_phy/qdr_rld_phy_4lanes_1.u_qdr_rld_phy_4lanes/qdr_rld_byte_lane_A.qdr_rld_byte_lane_A/PHASER_OUT_inst.phaser_out/OCLK
                               u_mig_qdr_rev4/u_mig_qdr_rev4_mig/u_qdr_phy_top/u_qdr_rld_mc_phy/qdr_rld_phy_4lanes_1.u_qdr_rld_phy_4lanes/qdr_rld_byte_lane_A.qdr_rld_byte_lane_A/qdr_rld_byte_group_io/o_serdesd_[9].gen_oserdes_uni.gen_oserdes_uni_notri.oserdes_d_i/D4
                                                              0.468         
u_mig_qdr_rev4/u_mig_qdr_rev4_mig/u_infrastructure/plle2_i/CLKOUT2
                               u_mig_qdr_rev4/u_mig_qdr_rev4_mig/u_qdr_phy_top/u_qdr_rld_mc_phy/qdr_rld_phy_4lanes_1.u_qdr_rld_phy_4lanes/PHY_CONTROL_INST.phy_control_i/SYNCIN
                                                              0.816         
u_mig_qdr_rev4/u_mig_qdr_rev4_mig/u_qdr_phy_top/u_qdr_rld_mc_phy/qdr_rld_phy_4lanes_1.u_qdr_rld_phy_4lanes/qdr_rld_byte_lane_A.qdr_rld_byte_lane_A/PHASER_OUT_inst.phaser_out/OCLK
                               u_mig_qdr_rev4/u_mig_qdr_rev4_mig/u_qdr_phy_top/u_qdr_rld_mc_phy/qdr_rld_phy_4lanes_1.u_qdr_rld_phy_4lanes/qdr_rld_byte_lane_A.qdr_rld_byte_lane_A/qdr_rld_byte_group_io/o_serdesd_[6].gen_oserdes_uni.gen_oserdes_uni_notri.oserdes_d_i/D2
                                                              0.822         
u_mig_qdr_rev4/u_mig_qdr_rev4_mig/u_infrastructure/plle2_i/CLKOUT2
                               u_mig_qdr_rev4/u_mig_qdr_rev4_mig/u_qdr_phy_top/u_qdr_rld_mc_phy/qdr_rld_phy_4lanes_0.u_qdr_rld_phy_4lanes/PHY_CONTROL_INST.phy_control_i/SYNCIN
                                                              0.848         
u_mig_qdr_rev4/u_mig_qdr_rev4_mig/u_qdr_phy_top/u_qdr_rld_mc_phy/qdr_rld_phy_4lanes_0.u_qdr_rld_phy_4lanes/PHY_CONTROL_INST.phy_control_i/MEMREFCLK
                               u_mig_qdr_rev4/u_mig_qdr_rev4_mig/u_qdr_phy_top/u_qdr_rld_mc_phy/qdr_rld_phy_4lanes_0.u_qdr_rld_phy_4lanes/PHY_CONTROL_INST.phy_control_i/PHYCTLMSTREMPTY
                                                              1.178         
u_mig_qdr_rev4/u_mig_qdr_rev4_mig/u_qdr_phy_top/u_qdr_rld_phy_read_top/u_qdr_rld_phy_rdlvl/dlyval_r_reg[0]/C
                               u_mig_qdr_rev4/u_mig_qdr_rev4_mig/u_qdr_phy_top/u_qdr_rld_phy_read_top/u_qdr_rld_phy_rdlvl/sm_wait_r_reg[0]/CE
                                                              1.256         
u_mig_qdr_rev4/u_mig_qdr_rev4_mig/u_qdr_phy_top/u_qdr_rld_phy_read_top/u_qdr_rld_phy_rdlvl/dlyval_r_reg[0]/C
                               u_mig_qdr_rev4/u_mig_qdr_rev4_mig/u_qdr_phy_top/u_qdr_rld_phy_read_top/u_qdr_rld_phy_rdlvl/sm_wait_r_reg[1]/CE
                                                              1.256         
u_mig_qdr_rev4/u_mig_qdr_rev4_mig/u_qdr_phy_top/u_qdr_rld_phy_read_top/u_qdr_rld_phy_rdlvl/dlyval_r_reg[0]/C
                               u_mig_qdr_rev4/u_mig_qdr_rev4_mig/u_qdr_phy_top/u_qdr_rld_phy_read_top/u_qdr_rld_phy_rdlvl/sm_wait_r_reg[2]/CE
                                                              1.256         
u_mig_qdr_rev4/u_mig_qdr_rev4_mig/u_qdr_phy_top/u_qdr_rld_phy_read_top/u_qdr_rld_phy_rdlvl/dlyval_r_reg[0]/C
                               u_mig_qdr_rev4/u_mig_qdr_rev4_mig/u_qdr_phy_top/u_qdr_rld_phy_read_top/u_qdr_rld_phy_rdlvl/sm_wait_r_reg[3]/CE
                                                              1.256         
u_mig_qdr_rev4/u_mig_qdr_rev4_mig/u_qdr_phy_top/u_qdr_rld_phy_read_top/u_qdr_rld_phy_rdlvl/dlyval_r_reg[0]/C
                               u_mig_qdr_rev4/u_mig_qdr_rev4_mig/u_qdr_phy_top/u_qdr_rld_phy_read_top/u_qdr_rld_phy_rdlvl/sm_wait_r_reg[4]/CE
                                                              1.256         
u_mig_qdr_rev4/u_mig_qdr_rev4_mig/u_infrastructure/rstdiv2_sync_r_reg[11]/C
                               u_mig_qdr_rev4/u_mig_qdr_rev4_mig/u_infrastructure/rstdiv2_sync_r1_reg/D
                                                              1.507         
u_mig_qdr_rev4/u_mig_qdr_rev4_mig/u_infrastructure/rstdiv2_sync_r_reg[9]/C
                               u_mig_qdr_rev4/u_mig_qdr_rev4_mig/u_infrastructure/rstdiv2_sync_r_reg[10]/D
                                                              1.507         
u_mig_qdr_rev4/u_mig_qdr_rev4_mig/u_infrastructure/rstdiv2_sync_r_reg[10]/C
                               u_mig_qdr_rev4/u_mig_qdr_rev4_mig/u_infrastructure/rstdiv2_sync_r_reg[11]/D
                                                              1.507         
u_mig_qdr_rev4/u_mig_qdr_rev4_mig/u_infrastructure/rstdiv2_sync_r_reg[0]/C
                               u_mig_qdr_rev4/u_mig_qdr_rev4_mig/u_infrastructure/rstdiv2_sync_r_reg[1]/D
                                                              1.507         
u_mig_qdr_rev4/u_mig_qdr_rev4_mig/u_infrastructure/rstdiv2_sync_r_reg[1]/C
                               u_mig_qdr_rev4/u_mig_qdr_rev4_mig/u_infrastructure/rstdiv2_sync_r_reg[2]/D
                                                              1.507         
u_mig_qdr_rev4/u_mig_qdr_rev4_mig/u_qdr_phy_top/u_qdr_rld_mc_phy/qdr_rld_phy_4lanes_0.u_qdr_rld_phy_4lanes/PHY_CONTROL_INST.phy_control_i/MEMREFCLK
                               u_mig_qdr_rev4/u_mig_qdr_rev4_mig/u_qdr_phy_top/u_qdr_rld_mc_phy/qdr_rld_phy_4lanes_1.u_qdr_rld_phy_4lanes/PHY_CONTROL_INST.phy_control_i/PHYCTLMSTREMPTY
                                                              1.573         
u_mig_qdr_rev4/u_mig_qdr_rev4_mig/u_qdr_phy_top/u_qdr_rld_mc_phy/qdr_rld_phy_4lanes_2.u_qdr_rld_phy_4lanes/qdr_rld_byte_lane_D.qdr_rld_byte_lane_D/qdr_rld_byte_group_io/i_serdesq_[6].gen_iserdes.iserdesq/CLKDIVP
                               u_mig_qdr_rev4/u_mig_qdr_rev4_mig/u_qdr_phy_top/u_qdr_rld_mc_phy/qdr_rld_phy_4lanes_2.u_qdr_rld_phy_4lanes/qdr_rld_byte_lane_D.qdr_rld_byte_lane_D/in_fifo_inst.in_fifo/D6[1]
                                                              1.757         
u_mig_qdr_rev4/u_mig_qdr_rev4_mig/u_qdr_phy_top/u_qdr_rld_mc_phy/qdr_rld_phy_4lanes_2.u_qdr_rld_phy_4lanes/qdr_rld_byte_lane_D.qdr_rld_byte_lane_D/qdr_rld_byte_group_io/i_serdesq_[6].gen_iserdes.iserdesq/CLKDIVP
                               u_mig_qdr_rev4/u_mig_qdr_rev4_mig/u_qdr_phy_top/u_qdr_rld_mc_phy/qdr_rld_phy_4lanes_2.u_qdr_rld_phy_4lanes/qdr_rld_byte_lane_D.qdr_rld_byte_lane_D/in_fifo_inst.in_fifo/D6[0]
                                                              1.771         
u_mig_qdr_rev4/u_mig_qdr_rev4_mig/u_qdr_phy_top/u_qdr_rld_mc_phy/qdr_rld_phy_4lanes_2.u_qdr_rld_phy_4lanes/qdr_rld_byte_lane_D.qdr_rld_byte_lane_D/qdr_rld_byte_group_io/i_serdesq_[6].gen_iserdes.iserdesq/CLKDIVP
                               u_mig_qdr_rev4/u_mig_qdr_rev4_mig/u_qdr_phy_top/u_qdr_rld_mc_phy/qdr_rld_phy_4lanes_2.u_qdr_rld_phy_4lanes/qdr_rld_byte_lane_D.qdr_rld_byte_lane_D/in_fifo_inst.in_fifo/D6[3]
                                                              1.771         
u_mig_qdr_rev4/u_mig_qdr_rev4_mig/u_qdr_phy_top/u_qdr_rld_mc_phy/qdr_rld_phy_4lanes_2.u_qdr_rld_phy_4lanes/qdr_rld_byte_lane_C.qdr_rld_byte_lane_C/qdr_rld_byte_group_io/i_serdesq_[0].gen_iserdes.iserdesq/CLKDIVP
                               u_mig_qdr_rev4/u_mig_qdr_rev4_mig/u_qdr_phy_top/u_qdr_rld_mc_phy/qdr_rld_phy_4lanes_2.u_qdr_rld_phy_4lanes/qdr_rld_byte_lane_C.qdr_rld_byte_lane_C/in_fifo_inst.in_fifo/D0[1]
                                                              1.814         
u_mig_qdr_rev4/u_mig_qdr_rev4_mig/u_qdr_phy_top/u_qdr_rld_mc_phy/qdr_rld_phy_4lanes_2.u_qdr_rld_phy_4lanes/qdr_rld_byte_lane_D.qdr_rld_byte_lane_D/qdr_rld_byte_group_io/i_serdesq_[6].gen_iserdes.iserdesq/CLKDIVP
                               u_mig_qdr_rev4/u_mig_qdr_rev4_mig/u_qdr_phy_top/u_qdr_rld_mc_phy/qdr_rld_phy_4lanes_2.u_qdr_rld_phy_4lanes/qdr_rld_byte_lane_D.qdr_rld_byte_lane_D/in_fifo_inst.in_fifo/D6[2]
                                                              1.841         
u_mig_qdr_rev4/u_mig_qdr_rev4_mig/u_qdr_phy_top/u_qdr_rld_mc_phy/qdr_rld_phy_4lanes_2.u_qdr_rld_phy_4lanes/qdr_rld_byte_lane_C.qdr_rld_byte_lane_C/qdr_rld_byte_group_io/i_serdesq_[4].gen_iserdes.iserdesq/CLKDIVP
                               u_mig_qdr_rev4/u_mig_qdr_rev4_mig/u_qdr_phy_top/u_qdr_rld_mc_phy/qdr_rld_phy_4lanes_2.u_qdr_rld_phy_4lanes/qdr_rld_byte_lane_C.qdr_rld_byte_lane_C/in_fifo_inst.in_fifo/D4[2]
                                                              1.940         
u_mig_qdr_rev4/u_mig_qdr_rev4_mig/u_qdr_phy_top/u_qdr_rld_mc_phy/qdr_rld_phy_4lanes_2.u_qdr_rld_phy_4lanes/qdr_rld_byte_lane_C.qdr_rld_byte_lane_C/qdr_rld_byte_group_io/i_serdesq_[0].gen_iserdes.iserdesq/CLKDIVP
                               u_mig_qdr_rev4/u_mig_qdr_rev4_mig/u_qdr_phy_top/u_qdr_rld_mc_phy/qdr_rld_phy_4lanes_2.u_qdr_rld_phy_4lanes/qdr_rld_byte_lane_C.qdr_rld_byte_lane_C/in_fifo_inst.in_fifo/D0[2]
                                                              1.953         
u_mig_qdr_rev4/u_mig_qdr_rev4_mig/u_qdr_phy_top/u_qdr_rld_mc_phy/qdr_rld_phy_4lanes_2.u_qdr_rld_phy_4lanes/qdr_rld_byte_lane_C.qdr_rld_byte_lane_C/qdr_rld_byte_group_io/i_serdesq_[11].gen_iserdes.iserdesq/CLKDIVP
                               u_mig_qdr_rev4/u_mig_qdr_rev4_mig/u_qdr_phy_top/u_qdr_rld_mc_phy/qdr_rld_phy_4lanes_2.u_qdr_rld_phy_4lanes/qdr_rld_byte_lane_C.qdr_rld_byte_lane_C/in_fifo_inst.in_fifo/D6[5]
                                                              1.965         
u_mig_qdr_rev4/u_mig_qdr_rev4_mig/u_qdr_phy_top/u_qdr_rld_mc_phy/qdr_rld_phy_4lanes_2.u_qdr_rld_phy_4lanes/qdr_rld_byte_lane_C.qdr_rld_byte_lane_C/qdr_rld_byte_group_io/i_serdesq_[0].gen_iserdes.iserdesq/CLKDIVP
                               u_mig_qdr_rev4/u_mig_qdr_rev4_mig/u_qdr_phy_top/u_qdr_rld_mc_phy/qdr_rld_phy_4lanes_2.u_qdr_rld_phy_4lanes/qdr_rld_byte_lane_C.qdr_rld_byte_lane_C/in_fifo_inst.in_fifo/D0[0]
                                                              2.013         
u_mig_qdr_rev4/u_mig_qdr_rev4_mig/u_qdr_phy_top/u_qdr_rld_mc_phy/qdr_rld_phy_4lanes_2.u_qdr_rld_phy_4lanes/qdr_rld_byte_lane_D.qdr_rld_byte_lane_D/qdr_rld_byte_group_io/i_serdesq_[7].gen_iserdes.iserdesq/CLKDIVP
                               u_mig_qdr_rev4/u_mig_qdr_rev4_mig/u_qdr_phy_top/u_qdr_rld_mc_phy/qdr_rld_phy_4lanes_2.u_qdr_rld_phy_4lanes/qdr_rld_byte_lane_D.qdr_rld_byte_lane_D/in_fifo_inst.in_fifo/D7[0]
                                                              2.233         
u_mig_qdr_rev4/u_mig_qdr_rev4_mig/u_iodelay_ctrl/rst_ref_sync_r_reg[0][9]/C
                               u_mig_qdr_rev4/u_mig_qdr_rev4_mig/u_iodelay_ctrl/rst_ref_sync_r_reg[0][10]/D
                                                              4.305         
u_mig_qdr_rev4/u_mig_qdr_rev4_mig/u_iodelay_ctrl/rst_ref_sync_r_reg[0][10]/C
                               u_mig_qdr_rev4/u_mig_qdr_rev4_mig/u_iodelay_ctrl/rst_ref_sync_r_reg[0][11]/D
                                                              4.305         
u_mig_qdr_rev4/u_mig_qdr_rev4_mig/u_iodelay_ctrl/rst_ref_sync_r_reg[0][11]/C
                               u_mig_qdr_rev4/u_mig_qdr_rev4_mig/u_iodelay_ctrl/rst_ref_sync_r_reg[0][12]/D
                                                              4.305         
u_mig_qdr_rev4/u_mig_qdr_rev4_mig/u_iodelay_ctrl/rst_ref_sync_r_reg[0][12]/C
                               u_mig_qdr_rev4/u_mig_qdr_rev4_mig/u_iodelay_ctrl/rst_ref_sync_r_reg[0][13]/D
                                                              4.305         
u_mig_qdr_rev4/u_mig_qdr_rev4_mig/u_iodelay_ctrl/rst_ref_sync_r_reg[0][13]/C
                               u_mig_qdr_rev4/u_mig_qdr_rev4_mig/u_iodelay_ctrl/rst_ref_sync_r_reg[0][14]/D
                                                              4.305         



