Copyright 1986-2016 Xilinx, Inc. All Rights Reserved.
-----------------------------------------------------------------------------------------------------------------
| Tool Version : Vivado v.2016.3 (win64) Build 1682563 Mon Oct 10 19:07:27 MDT 2016
| Date         : Sun Oct 16 04:30:42 2016
| Host         : Sakinder-Laptop running 64-bit major release  (build 9200)
| Command      : report_utilization -file S:/GoogleDrive/firmware/mars/m_s_r_0_0/outputs/rpt/post_synth_util.rpt
| Design       : top
| Device       : 7z045ffg900-2
| Design State : Synthesized
-----------------------------------------------------------------------------------------------------------------

Utilization Design Information

Table of Contents
-----------------
1. Slice Logic
1.1 Summary of Registers by Type
2. Memory
3. DSP
4. IO and GT Specific
5. Clocking
6. Specific Feature
7. Primitives
8. Black Boxes
9. Instantiated Netlists

1. Slice Logic
--------------

+----------------------------+------+-------+-----------+-------+
|          Site Type         | Used | Fixed | Available | Util% |
+----------------------------+------+-------+-----------+-------+
| Slice LUTs*                | 3097 |     0 |    218600 |  1.42 |
|   LUT as Logic             | 2720 |     0 |    218600 |  1.24 |
|   LUT as Memory            |  377 |     0 |     70400 |  0.54 |
|     LUT as Distributed RAM |  352 |     0 |           |       |
|     LUT as Shift Register  |   25 |     0 |           |       |
| Slice Registers            | 1838 |     0 |    437200 |  0.42 |
|   Register as Flip Flop    | 1838 |     0 |    437200 |  0.42 |
|   Register as Latch        |    0 |     0 |    437200 |  0.00 |
| F7 Muxes                   |   71 |     0 |    109300 |  0.06 |
| F8 Muxes                   |    6 |     0 |     54650 |  0.01 |
+----------------------------+------+-------+-----------+-------+
* Warning! The Final LUT count, after physical optimizations and full implementation, is typically lower. Run opt_design after synthesis, if not already completed, for a more realistic count.


1.1 Summary of Registers by Type
--------------------------------

+-------+--------------+-------------+--------------+
| Total | Clock Enable | Synchronous | Asynchronous |
+-------+--------------+-------------+--------------+
| 0     |            _ |           - |            - |
| 0     |            _ |           - |          Set |
| 0     |            _ |           - |        Reset |
| 0     |            _ |         Set |            - |
| 0     |            _ |       Reset |            - |
| 0     |          Yes |           - |            - |
| 28    |          Yes |           - |          Set |
| 0     |          Yes |           - |        Reset |
| 63    |          Yes |         Set |            - |
| 1747  |          Yes |       Reset |            - |
+-------+--------------+-------------+--------------+


2. Memory
---------

+----------------+------+-------+-----------+-------+
|    Site Type   | Used | Fixed | Available | Util% |
+----------------+------+-------+-----------+-------+
| Block RAM Tile |    0 |     0 |       545 |  0.00 |
|   RAMB36/FIFO* |    0 |     0 |       545 |  0.00 |
|   RAMB18       |    0 |     0 |      1090 |  0.00 |
+----------------+------+-------+-----------+-------+
* Note: Each Block RAM Tile only has one FIFO logic available and therefore can accommodate only one FIFO36E1 or one FIFO18E1. However, if a FIFO18E1 occupies a Block RAM Tile, that tile can still accommodate a RAMB18E1


3. DSP
------

+-----------+------+-------+-----------+-------+
| Site Type | Used | Fixed | Available | Util% |
+-----------+------+-------+-----------+-------+
| DSPs      |    0 |     0 |       900 |  0.00 |
+-----------+------+-------+-----------+-------+


4. IO and GT Specific
---------------------

+-----------------------------+------+-------+-----------+-------+
|          Site Type          | Used | Fixed | Available | Util% |
+-----------------------------+------+-------+-----------+-------+
| Bonded IOB                  |   69 |    69 |       362 | 19.06 |
|   IOB Master Pads           |   36 |       |           |       |
|   IOB Slave Pads            |   33 |       |           |       |
| Bonded IPADs                |    0 |     0 |        50 |  0.00 |
| Bonded OPADs                |    0 |     0 |        32 |  0.00 |
| Bonded IOPADs               |    0 |     0 |       130 |  0.00 |
| PHY_CONTROL                 |    2 |     2 |         8 | 25.00 |
| PHASER_REF                  |    3 |     3 |         8 | 37.50 |
| OUT_FIFO                    |    4 |     4 |        32 | 12.50 |
| IN_FIFO                     |    2 |     2 |        32 |  6.25 |
| IDELAYCTRL                  |    1 |     0 |         8 | 12.50 |
| IBUFDS                      |    3 |     3 |       348 |  0.86 |
| GTXE2_COMMON                |    0 |     0 |         4 |  0.00 |
| GTXE2_CHANNEL               |    0 |     0 |        16 |  0.00 |
| PHASER_OUT/PHASER_OUT_PHY   |    4 |     4 |        32 | 12.50 |
|   PHASER_OUT_PHY only       |    4 |     4 |           |       |
| PHASER_IN/PHASER_IN_PHY     |    2 |     2 |        32 |  6.25 |
|   PHASER_IN only            |    2 |     2 |           |       |
| IDELAYE2/IDELAYE2_FINEDELAY |   18 |    18 |       400 |  4.50 |
|   IDELAYE2 only             |   18 |    18 |           |       |
| ODELAYE2/ODELAYE2_FINEDELAY |    0 |     0 |       150 |  0.00 |
| IBUFDS_GTE2                 |    0 |     0 |         8 |  0.00 |
| ILOGIC                      |   20 |    19 |       362 |  5.52 |
|   IFF_IDDR_Register         |    1 |     1 |           |       |
|   ISERDES                   |   18 |    18 |           |       |
|   IDDR                      |    1 |       |           |       |
| OLOGIC                      |   43 |    43 |       362 | 11.88 |
|   OUTFF_ODDR_Register       |    1 |     1 |           |       |
|   OSERDES                   |   42 |    42 |           |       |
+-----------------------------+------+-------+-----------+-------+


5. Clocking
-----------

+------------+------+-------+-----------+-------+
|  Site Type | Used | Fixed | Available | Util% |
+------------+------+-------+-----------+-------+
| BUFGCTRL   |    4 |     0 |        32 | 12.50 |
| BUFIO      |    0 |     0 |        32 |  0.00 |
| MMCME2_ADV |    1 |     1 |         8 | 12.50 |
| PLLE2_ADV  |    1 |     1 |         8 | 12.50 |
| BUFMRCE    |    2 |     0 |        16 | 12.50 |
| BUFHCE     |    1 |     0 |       168 |  0.60 |
| BUFR       |    0 |     0 |        32 |  0.00 |
+------------+------+-------+-----------+-------+


6. Specific Feature
-------------------

+-------------+------+-------+-----------+-------+
|  Site Type  | Used | Fixed | Available | Util% |
+-------------+------+-------+-----------+-------+
| BSCANE2     |    0 |     0 |         4 |  0.00 |
| CAPTUREE2   |    0 |     0 |         1 |  0.00 |
| DNA_PORT    |    0 |     0 |         1 |  0.00 |
| EFUSE_USR   |    0 |     0 |         1 |  0.00 |
| FRAME_ECCE2 |    0 |     0 |         1 |  0.00 |
| ICAPE2      |    0 |     0 |         2 |  0.00 |
| PCIE_2_1    |    0 |     0 |         1 |  0.00 |
| STARTUPE2   |    0 |     0 |         1 |  0.00 |
| XADC        |    0 |     0 |         1 |  0.00 |
+-------------+------+-------+-----------+-------+


7. Primitives
-------------

+----------------+------+---------------------+
|    Ref Name    | Used | Functional Category |
+----------------+------+---------------------+
| FDRE           | 1747 |        Flop & Latch |
| LUT6           |  800 |                 LUT |
| LUT2           |  640 |                 LUT |
| LUT3           |  557 |                 LUT |
| RAMD32         |  528 |  Distributed Memory |
| LUT5           |  472 |                 LUT |
| LUT4           |  349 |                 LUT |
| LUT1           |  342 |                 LUT |
| RAMS32         |  176 |  Distributed Memory |
| CARRY4         |  145 |          CarryLogic |
| MUXF7          |   71 |               MuxFx |
| FDSE           |   63 |        Flop & Latch |
| OBUF           |   43 |                  IO |
| OSERDESE2      |   42 |                  IO |
| FDPE           |   28 |        Flop & Latch |
| SRLC32E        |   20 |  Distributed Memory |
| IBUF           |   20 |                  IO |
| ISERDESE2      |   18 |                  IO |
| IDELAYE2       |   18 |                  IO |
| MUXF8          |    6 |               MuxFx |
| SRL16E         |    5 |  Distributed Memory |
| PHASER_OUT_PHY |    4 |                  IO |
| OUT_FIFO       |    4 |                  IO |
| BUFG           |    4 |               Clock |
| PHASER_REF     |    3 |                  IO |
| IBUFDS         |    3 |                  IO |
| PHY_CONTROL    |    2 |                  IO |
| PHASER_IN      |    2 |                  IO |
| OBUFTDS        |    2 |                  IO |
| IN_FIFO        |    2 |                  IO |
| IDDR           |    2 |                  IO |
| BUFMR          |    2 |               Clock |
| PLLE2_ADV      |    1 |               Clock |
| ODDR           |    1 |                  IO |
| MMCME2_ADV     |    1 |               Clock |
| INV            |    1 |                 LUT |
| IDELAYCTRL     |    1 |                  IO |
| BUFH           |    1 |               Clock |
+----------------+------+---------------------+


8. Black Boxes
--------------

+----------+------+
| Ref Name | Used |
+----------+------+


9. Instantiated Netlists
------------------------

+----------+------+
| Ref Name | Used |
+----------+------+


